Determining if the pthread_create exist failed with the following output:
Change Dir: /home/travis/build/tobylane/CorsixTH/fresh/CMakeFiles/CMakeTmp

Run Build Command:"/usr/bin/make" "cmTC_f986e/fast"
/usr/bin/make -f CMakeFiles/cmTC_f986e.dir/build.make CMakeFiles/cmTC_f986e.dir/build
make[1]: Entering directory `/home/travis/build/tobylane/CorsixTH/fresh/CMakeFiles/CMakeTmp'
Building C object CMakeFiles/cmTC_f986e.dir/CheckSymbolExists.c.o
/usr/bin/gcc    -o CMakeFiles/cmTC_f986e.dir/CheckSymbolExists.c.o   -c /home/travis/build/tobylane/CorsixTH/fresh/CMakeFiles/CMakeTmp/CheckSymbolExists.c
Linking C executable cmTC_f986e
/usr/local/cmake-3.9.2/bin/cmake -E cmake_link_script CMakeFiles/cmTC_f986e.dir/link.txt --verbose=1
/usr/bin/gcc      -rdynamic CMakeFiles/cmTC_f986e.dir/CheckSymbolExists.c.o  -o cmTC_f986e 
CMakeFiles/cmTC_f986e.dir/CheckSymbolExists.c.o: In function `main':
CheckSymbolExists.c:(.text+0x16): undefined reference to `pthread_create'
collect2: error: ld returned 1 exit status
make[1]: *** [cmTC_f986e] Error 1
make[1]: Leaving directory `/home/travis/build/tobylane/CorsixTH/fresh/CMakeFiles/CMakeTmp'
make: *** [cmTC_f986e/fast] Error 2

File /home/travis/build/tobylane/CorsixTH/fresh/CMakeFiles/CMakeTmp/CheckSymbolExists.c:
/* */
#include <pthread.h>

int main(int argc, char** argv)
{
  (void)argv;
#ifndef pthread_create
  return ((int*)(&pthread_create))[argc];
#else
  (void)argc;
  return 0;
#endif
}

Determining if the function pthread_create exists in the pthreads failed with the following output:
Change Dir: /home/travis/build/tobylane/CorsixTH/fresh/CMakeFiles/CMakeTmp

Run Build Command:"/usr/bin/make" "cmTC_92261/fast"
/usr/bin/make -f CMakeFiles/cmTC_92261.dir/build.make CMakeFiles/cmTC_92261.dir/build
make[1]: Entering directory `/home/travis/build/tobylane/CorsixTH/fresh/CMakeFiles/CMakeTmp'
Building C object CMakeFiles/cmTC_92261.dir/CheckFunctionExists.c.o
/usr/bin/gcc   -DCHECK_FUNCTION_EXISTS=pthread_create   -o CMakeFiles/cmTC_92261.dir/CheckFunctionExists.c.o   -c /usr/local/cmake-3.9.2/share/cmake-3.9/Modules/CheckFunctionExists.c
Linking C executable cmTC_92261
/usr/local/cmake-3.9.2/bin/cmake -E cmake_link_script CMakeFiles/cmTC_92261.dir/link.txt --verbose=1
/usr/bin/gcc  -DCHECK_FUNCTION_EXISTS=pthread_create    -rdynamic CMakeFiles/cmTC_92261.dir/CheckFunctionExists.c.o  -o cmTC_92261 -lpthreads 
/usr/bin/ld: cannot find -lpthreads
collect2: error: ld returned 1 exit status
make[1]: *** [cmTC_92261] Error 1
make[1]: Leaving directory `/home/travis/build/tobylane/CorsixTH/fresh/CMakeFiles/CMakeTmp'
make: *** [cmTC_92261/fast] Error 2


